<?xml version="1.0" encoding="UTF-8"?>
<testsuite xmlns:xsi="http://www.w3.org/2001/XMLSchema-instance" xsi:noNamespaceSchemaLocation="https://maven.apache.org/surefire/maven-surefire-plugin/xsd/surefire-test-report.xsd" name="com.mycompany.app.AppTest" time="0.026" tests="1" errors="0" skipped="0" failures="0">
  <properties>
    <property name="gopherProxySet" value="false"/>
    <property name="awt.toolkit" value="sun.lwawt.macosx.LWCToolkit"/>
    <property name="file.encoding.pkg" value="sun.io"/>
    <property name="java.specification.version" value="1.8"/>
    <property name="sun.cpu.isalist" value=""/>
    <property name="sun.jnu.encoding" value="UTF-8"/>
    <property name="java.class.path" value="/Users/ben/docs/MyGit/java_server/my-app/target/test-classes:/Users/ben/docs/MyGit/java_server/my-app/target/classes:/Users/ben/.m2/repository/org/rapidoid/rapidoid-quick/5.5.5/rapidoid-quick-5.5.5.jar:/Users/ben/.m2/repository/org/rapidoid/rapidoid-web/5.5.5/rapidoid-web-5.5.5.jar:/Users/ben/.m2/repository/org/rapidoid/rapidoid-gui/5.5.5/rapidoid-gui-5.5.5.jar:/Users/ben/.m2/repository/org/rapidoid/rapidoid-render/5.5.5/rapidoid-render-5.5.5.jar:/Users/ben/.m2/repository/org/rapidoid/rapidoid-jpa/5.5.5/rapidoid-jpa-5.5.5.jar:/Users/ben/.m2/repository/org/rapidoid/rapidoid-http-server/5.5.5/rapidoid-http-server-5.5.5.jar:/Users/ben/.m2/repository/org/rapidoid/rapidoid-http-fast/5.5.5/rapidoid-http-fast-5.5.5.jar:/Users/ben/.m2/repository/org/rapidoid/rapidoid-inject/5.5.5/rapidoid-inject-5.5.5.jar:/Users/ben/.m2/repository/org/rapidoid/rapidoid-http-client/5.5.5/rapidoid-http-client-5.5.5.jar:/Users/ben/.m2/repository/org/rapidoid/rapidoid-net/5.5.5/rapidoid-net-5.5.5.jar:/Users/ben/.m2/repository/org/rapidoid/rapidoid-buffer/5.5.5/rapidoid-buffer-5.5.5.jar:/Users/ben/.m2/repository/org/apache/httpcomponents/httpasyncclient/4.1/httpasyncclient-4.1.jar:/Users/ben/.m2/repository/org/apache/httpcomponents/httpcore/4.4.1/httpcore-4.4.1.jar:/Users/ben/.m2/repository/org/apache/httpcomponents/httpcore-nio/4.4.1/httpcore-nio-4.4.1.jar:/Users/ben/.m2/repository/org/apache/httpcomponents/httpclient/4.4.1/httpclient-4.4.1.jar:/Users/ben/.m2/repository/commons-logging/commons-logging/1.2/commons-logging-1.2.jar:/Users/ben/.m2/repository/org/apache/httpcomponents/httpmime/4.5/httpmime-4.5.jar:/Users/ben/.m2/repository/org/rapidoid/rapidoid-sql/5.5.5/rapidoid-sql-5.5.5.jar:/Users/ben/.m2/repository/org/rapidoid/rapidoid-commons/5.5.5/rapidoid-commons-5.5.5.jar:/Users/ben/.m2/repository/org/rapidoid/rapidoid-essentials/5.5.5/rapidoid-essentials-5.5.5.jar:/Users/ben/.m2/repository/com/fasterxml/jackson/core/jackson-databind/2.8.5/jackson-databind-2.8.5.jar:/Users/ben/.m2/repository/com/fasterxml/jackson/core/jackson-annotations/2.8.0/jackson-annotations-2.8.0.jar:/Users/ben/.m2/repository/com/fasterxml/jackson/core/jackson-core/2.8.5/jackson-core-2.8.5.jar:/Users/ben/.m2/repository/com/fasterxml/jackson/module/jackson-module-afterburner/2.8.5/jackson-module-afterburner-2.8.5.jar:/Users/ben/.m2/repository/com/fasterxml/jackson/dataformat/jackson-dataformat-yaml/2.8.5/jackson-dataformat-yaml-2.8.5.jar:/Users/ben/.m2/repository/org/yaml/snakeyaml/1.17/snakeyaml-1.17.jar:/Users/ben/.m2/repository/com/fasterxml/jackson/dataformat/jackson-dataformat-xml/2.8.5/jackson-dataformat-xml-2.8.5.jar:/Users/ben/.m2/repository/com/fasterxml/jackson/module/jackson-module-jaxb-annotations/2.8.5/jackson-module-jaxb-annotations-2.8.5.jar:/Users/ben/.m2/repository/org/codehaus/woodstox/stax2-api/3.1.4/stax2-api-3.1.4.jar:/Users/ben/.m2/repository/com/fasterxml/woodstox/woodstox-core/5.0.3/woodstox-core-5.0.3.jar:/Users/ben/.m2/repository/javax/inject/javax.inject/1/javax.inject-1.jar:/Users/ben/.m2/repository/org/rapidoid/rapidoid-watch/5.5.5/rapidoid-watch-5.5.5.jar:/Users/ben/.m2/repository/org/rapidoid/rapidoid-integrate/5.5.5/rapidoid-integrate-5.5.5.jar:/Users/ben/.m2/repository/org/rapidoid/rapidoid-oauth/5.5.5/rapidoid-oauth-5.5.5.jar:/Users/ben/.m2/repository/org/apache/oltu/oauth2/org.apache.oltu.oauth2.client/1.0.1/org.apache.oltu.oauth2.client-1.0.1.jar:/Users/ben/.m2/repository/org/apache/oltu/oauth2/org.apache.oltu.oauth2.common/1.0.1/org.apache.oltu.oauth2.common-1.0.1.jar:/Users/ben/.m2/repository/org/json/json/20140107/json-20140107.jar:/Users/ben/.m2/repository/commons-codec/commons-codec/1.9/commons-codec-1.9.jar:/Users/ben/.m2/repository/ch/qos/logback/logback-classic/1.1.3/logback-classic-1.1.3.jar:/Users/ben/.m2/repository/ch/qos/logback/logback-core/1.1.3/logback-core-1.1.3.jar:/Users/ben/.m2/repository/org/slf4j/slf4j-api/1.7.7/slf4j-api-1.7.7.jar:/Users/ben/.m2/repository/mysql/mysql-connector-java/5.1.41/mysql-connector-java-5.1.41.jar:/Users/ben/.m2/repository/org/hsqldb/hsqldb/2.3.3/hsqldb-2.3.3.jar:/Users/ben/.m2/repository/org/hibernate/hibernate-entitymanager/4.3.11.Final/hibernate-entitymanager-4.3.11.Final.jar:/Users/ben/.m2/repository/org/jboss/logging/jboss-logging/3.1.3.GA/jboss-logging-3.1.3.GA.jar:/Users/ben/.m2/repository/org/jboss/logging/jboss-logging-annotations/1.2.0.Beta1/jboss-logging-annotations-1.2.0.Beta1.jar:/Users/ben/.m2/repository/org/hibernate/hibernate-core/4.3.11.Final/hibernate-core-4.3.11.Final.jar:/Users/ben/.m2/repository/antlr/antlr/2.7.7/antlr-2.7.7.jar:/Users/ben/.m2/repository/org/jboss/jandex/1.1.0.Final/jandex-1.1.0.Final.jar:/Users/ben/.m2/repository/dom4j/dom4j/1.6.1/dom4j-1.6.1.jar:/Users/ben/.m2/repository/xml-apis/xml-apis/1.0.b2/xml-apis-1.0.b2.jar:/Users/ben/.m2/repository/org/hibernate/common/hibernate-commons-annotations/4.0.5.Final/hibernate-commons-annotations-4.0.5.Final.jar:/Users/ben/.m2/repository/org/hibernate/javax/persistence/hibernate-jpa-2.1-api/1.0.0.Final/hibernate-jpa-2.1-api-1.0.0.Final.jar:/Users/ben/.m2/repository/org/jboss/spec/javax/transaction/jboss-transaction-api_1.2_spec/1.0.0.Final/jboss-transaction-api_1.2_spec-1.0.0.Final.jar:/Users/ben/.m2/repository/org/javassist/javassist/3.18.1-GA/javassist-3.18.1-GA.jar:/Users/ben/.m2/repository/org/hibernate/hibernate-validator/5.2.4.Final/hibernate-validator-5.2.4.Final.jar:/Users/ben/.m2/repository/javax/validation/validation-api/1.1.0.Final/validation-api-1.1.0.Final.jar:/Users/ben/.m2/repository/com/fasterxml/classmate/1.1.0/classmate-1.1.0.jar:/Users/ben/.m2/repository/com/zaxxer/HikariCP/2.6.1/HikariCP-2.6.1.jar:/Users/ben/.m2/repository/javax/el/javax.el-api/2.2.5/javax.el-api-2.2.5.jar:/Users/ben/.m2/repository/org/glassfish/web/javax.el/2.2.5/javax.el-2.2.5.jar:/Users/ben/.m2/repository/junit/junit/4.11/junit-4.11.jar:/Users/ben/.m2/repository/org/hamcrest/hamcrest-core/1.3/hamcrest-core-1.3.jar:"/>
    <property name="java.vm.vendor" value="Oracle Corporation"/>
    <property name="sun.arch.data.model" value="64"/>
    <property name="java.vendor.url" value="http://java.oracle.com/"/>
    <property name="user.timezone" value=""/>
    <property name="java.vm.specification.version" value="1.8"/>
    <property name="os.name" value="Mac OS X"/>
    <property name="user.country" value="IL"/>
    <property name="sun.java.launcher" value="SUN_STANDARD"/>
    <property name="sun.boot.library.path" value="/Library/Java/JavaVirtualMachines/jdk1.8.0_191.jdk/Contents/Home/jre/lib"/>
    <property name="sun.java.command" value="/Users/ben/docs/MyGit/java_server/my-app/target/surefire/surefirebooter4901332310515506892.jar /Users/ben/docs/MyGit/java_server/my-app/target/surefire 2019-02-15T22-15-19_516-jvmRun1 surefire7144289057375026124tmp surefire_03565015489719910108tmp"/>
    <property name="http.nonProxyHosts" value="local|*.local|169.254/16|*.169.254/16"/>
    <property name="surefire.test.class.path" value="/Users/ben/docs/MyGit/java_server/my-app/target/test-classes:/Users/ben/docs/MyGit/java_server/my-app/target/classes:/Users/ben/.m2/repository/org/rapidoid/rapidoid-quick/5.5.5/rapidoid-quick-5.5.5.jar:/Users/ben/.m2/repository/org/rapidoid/rapidoid-web/5.5.5/rapidoid-web-5.5.5.jar:/Users/ben/.m2/repository/org/rapidoid/rapidoid-gui/5.5.5/rapidoid-gui-5.5.5.jar:/Users/ben/.m2/repository/org/rapidoid/rapidoid-render/5.5.5/rapidoid-render-5.5.5.jar:/Users/ben/.m2/repository/org/rapidoid/rapidoid-jpa/5.5.5/rapidoid-jpa-5.5.5.jar:/Users/ben/.m2/repository/org/rapidoid/rapidoid-http-server/5.5.5/rapidoid-http-server-5.5.5.jar:/Users/ben/.m2/repository/org/rapidoid/rapidoid-http-fast/5.5.5/rapidoid-http-fast-5.5.5.jar:/Users/ben/.m2/repository/org/rapidoid/rapidoid-inject/5.5.5/rapidoid-inject-5.5.5.jar:/Users/ben/.m2/repository/org/rapidoid/rapidoid-http-client/5.5.5/rapidoid-http-client-5.5.5.jar:/Users/ben/.m2/repository/org/rapidoid/rapidoid-net/5.5.5/rapidoid-net-5.5.5.jar:/Users/ben/.m2/repository/org/rapidoid/rapidoid-buffer/5.5.5/rapidoid-buffer-5.5.5.jar:/Users/ben/.m2/repository/org/apache/httpcomponents/httpasyncclient/4.1/httpasyncclient-4.1.jar:/Users/ben/.m2/repository/org/apache/httpcomponents/httpcore/4.4.1/httpcore-4.4.1.jar:/Users/ben/.m2/repository/org/apache/httpcomponents/httpcore-nio/4.4.1/httpcore-nio-4.4.1.jar:/Users/ben/.m2/repository/org/apache/httpcomponents/httpclient/4.4.1/httpclient-4.4.1.jar:/Users/ben/.m2/repository/commons-logging/commons-logging/1.2/commons-logging-1.2.jar:/Users/ben/.m2/repository/org/apache/httpcomponents/httpmime/4.5/httpmime-4.5.jar:/Users/ben/.m2/repository/org/rapidoid/rapidoid-sql/5.5.5/rapidoid-sql-5.5.5.jar:/Users/ben/.m2/repository/org/rapidoid/rapidoid-commons/5.5.5/rapidoid-commons-5.5.5.jar:/Users/ben/.m2/repository/org/rapidoid/rapidoid-essentials/5.5.5/rapidoid-essentials-5.5.5.jar:/Users/ben/.m2/repository/com/fasterxml/jackson/core/jackson-databind/2.8.5/jackson-databind-2.8.5.jar:/Users/ben/.m2/repository/com/fasterxml/jackson/core/jackson-annotations/2.8.0/jackson-annotations-2.8.0.jar:/Users/ben/.m2/repository/com/fasterxml/jackson/core/jackson-core/2.8.5/jackson-core-2.8.5.jar:/Users/ben/.m2/repository/com/fasterxml/jackson/module/jackson-module-afterburner/2.8.5/jackson-module-afterburner-2.8.5.jar:/Users/ben/.m2/repository/com/fasterxml/jackson/dataformat/jackson-dataformat-yaml/2.8.5/jackson-dataformat-yaml-2.8.5.jar:/Users/ben/.m2/repository/org/yaml/snakeyaml/1.17/snakeyaml-1.17.jar:/Users/ben/.m2/repository/com/fasterxml/jackson/dataformat/jackson-dataformat-xml/2.8.5/jackson-dataformat-xml-2.8.5.jar:/Users/ben/.m2/repository/com/fasterxml/jackson/module/jackson-module-jaxb-annotations/2.8.5/jackson-module-jaxb-annotations-2.8.5.jar:/Users/ben/.m2/repository/org/codehaus/woodstox/stax2-api/3.1.4/stax2-api-3.1.4.jar:/Users/ben/.m2/repository/com/fasterxml/woodstox/woodstox-core/5.0.3/woodstox-core-5.0.3.jar:/Users/ben/.m2/repository/javax/inject/javax.inject/1/javax.inject-1.jar:/Users/ben/.m2/repository/org/rapidoid/rapidoid-watch/5.5.5/rapidoid-watch-5.5.5.jar:/Users/ben/.m2/repository/org/rapidoid/rapidoid-integrate/5.5.5/rapidoid-integrate-5.5.5.jar:/Users/ben/.m2/repository/org/rapidoid/rapidoid-oauth/5.5.5/rapidoid-oauth-5.5.5.jar:/Users/ben/.m2/repository/org/apache/oltu/oauth2/org.apache.oltu.oauth2.client/1.0.1/org.apache.oltu.oauth2.client-1.0.1.jar:/Users/ben/.m2/repository/org/apache/oltu/oauth2/org.apache.oltu.oauth2.common/1.0.1/org.apache.oltu.oauth2.common-1.0.1.jar:/Users/ben/.m2/repository/org/json/json/20140107/json-20140107.jar:/Users/ben/.m2/repository/commons-codec/commons-codec/1.9/commons-codec-1.9.jar:/Users/ben/.m2/repository/ch/qos/logback/logback-classic/1.1.3/logback-classic-1.1.3.jar:/Users/ben/.m2/repository/ch/qos/logback/logback-core/1.1.3/logback-core-1.1.3.jar:/Users/ben/.m2/repository/org/slf4j/slf4j-api/1.7.7/slf4j-api-1.7.7.jar:/Users/ben/.m2/repository/mysql/mysql-connector-java/5.1.41/mysql-connector-java-5.1.41.jar:/Users/ben/.m2/repository/org/hsqldb/hsqldb/2.3.3/hsqldb-2.3.3.jar:/Users/ben/.m2/repository/org/hibernate/hibernate-entitymanager/4.3.11.Final/hibernate-entitymanager-4.3.11.Final.jar:/Users/ben/.m2/repository/org/jboss/logging/jboss-logging/3.1.3.GA/jboss-logging-3.1.3.GA.jar:/Users/ben/.m2/repository/org/jboss/logging/jboss-logging-annotations/1.2.0.Beta1/jboss-logging-annotations-1.2.0.Beta1.jar:/Users/ben/.m2/repository/org/hibernate/hibernate-core/4.3.11.Final/hibernate-core-4.3.11.Final.jar:/Users/ben/.m2/repository/antlr/antlr/2.7.7/antlr-2.7.7.jar:/Users/ben/.m2/repository/org/jboss/jandex/1.1.0.Final/jandex-1.1.0.Final.jar:/Users/ben/.m2/repository/dom4j/dom4j/1.6.1/dom4j-1.6.1.jar:/Users/ben/.m2/repository/xml-apis/xml-apis/1.0.b2/xml-apis-1.0.b2.jar:/Users/ben/.m2/repository/org/hibernate/common/hibernate-commons-annotations/4.0.5.Final/hibernate-commons-annotations-4.0.5.Final.jar:/Users/ben/.m2/repository/org/hibernate/javax/persistence/hibernate-jpa-2.1-api/1.0.0.Final/hibernate-jpa-2.1-api-1.0.0.Final.jar:/Users/ben/.m2/repository/org/jboss/spec/javax/transaction/jboss-transaction-api_1.2_spec/1.0.0.Final/jboss-transaction-api_1.2_spec-1.0.0.Final.jar:/Users/ben/.m2/repository/org/javassist/javassist/3.18.1-GA/javassist-3.18.1-GA.jar:/Users/ben/.m2/repository/org/hibernate/hibernate-validator/5.2.4.Final/hibernate-validator-5.2.4.Final.jar:/Users/ben/.m2/repository/javax/validation/validation-api/1.1.0.Final/validation-api-1.1.0.Final.jar:/Users/ben/.m2/repository/com/fasterxml/classmate/1.1.0/classmate-1.1.0.jar:/Users/ben/.m2/repository/com/zaxxer/HikariCP/2.6.1/HikariCP-2.6.1.jar:/Users/ben/.m2/repository/javax/el/javax.el-api/2.2.5/javax.el-api-2.2.5.jar:/Users/ben/.m2/repository/org/glassfish/web/javax.el/2.2.5/javax.el-2.2.5.jar:/Users/ben/.m2/repository/junit/junit/4.11/junit-4.11.jar:/Users/ben/.m2/repository/org/hamcrest/hamcrest-core/1.3/hamcrest-core-1.3.jar:"/>
    <property name="sun.cpu.endian" value="little"/>
    <property name="user.home" value="/Users/ben"/>
    <property name="user.language" value="en"/>
    <property name="java.specification.vendor" value="Oracle Corporation"/>
    <property name="java.home" value="/Library/Java/JavaVirtualMachines/jdk1.8.0_191.jdk/Contents/Home/jre"/>
    <property name="basedir" value="/Users/ben/docs/MyGit/java_server/my-app"/>
    <property name="file.separator" value="/"/>
    <property name="line.separator" value="&#10;"/>
    <property name="java.vm.specification.vendor" value="Oracle Corporation"/>
    <property name="java.specification.name" value="Java Platform API Specification"/>
    <property name="java.awt.graphicsenv" value="sun.awt.CGraphicsEnvironment"/>
    <property name="surefire.real.class.path" value="/Users/ben/docs/MyGit/java_server/my-app/target/surefire/surefirebooter4901332310515506892.jar"/>
    <property name="sun.boot.class.path" value="/Library/Java/JavaVirtualMachines/jdk1.8.0_191.jdk/Contents/Home/jre/lib/resources.jar:/Library/Java/JavaVirtualMachines/jdk1.8.0_191.jdk/Contents/Home/jre/lib/rt.jar:/Library/Java/JavaVirtualMachines/jdk1.8.0_191.jdk/Contents/Home/jre/lib/sunrsasign.jar:/Library/Java/JavaVirtualMachines/jdk1.8.0_191.jdk/Contents/Home/jre/lib/jsse.jar:/Library/Java/JavaVirtualMachines/jdk1.8.0_191.jdk/Contents/Home/jre/lib/jce.jar:/Library/Java/JavaVirtualMachines/jdk1.8.0_191.jdk/Contents/Home/jre/lib/charsets.jar:/Library/Java/JavaVirtualMachines/jdk1.8.0_191.jdk/Contents/Home/jre/lib/jfr.jar:/Library/Java/JavaVirtualMachines/jdk1.8.0_191.jdk/Contents/Home/jre/classes"/>
    <property name="sun.management.compiler" value="HotSpot 64-Bit Tiered Compilers"/>
    <property name="ftp.nonProxyHosts" value="local|*.local|169.254/16|*.169.254/16"/>
    <property name="java.runtime.version" value="1.8.0_191-b12"/>
    <property name="user.name" value="ben"/>
    <property name="path.separator" value=":"/>
    <property name="os.version" value="10.14.3"/>
    <property name="java.endorsed.dirs" value="/Library/Java/JavaVirtualMachines/jdk1.8.0_191.jdk/Contents/Home/jre/lib/endorsed"/>
    <property name="java.runtime.name" value="Java(TM) SE Runtime Environment"/>
    <property name="file.encoding" value="UTF-8"/>
    <property name="java.vm.name" value="Java HotSpot(TM) 64-Bit Server VM"/>
    <property name="localRepository" value="/Users/ben/.m2/repository"/>
    <property name="java.vendor.url.bug" value="http://bugreport.sun.com/bugreport/"/>
    <property name="java.io.tmpdir" value="/var/folders/s3/p2zgvsvd6l1bj8506ygrg1jh0000gn/T/"/>
    <property name="java.version" value="1.8.0_191"/>
    <property name="user.dir" value="/Users/ben/docs/MyGit/java_server/my-app"/>
    <property name="os.arch" value="x86_64"/>
    <property name="java.vm.specification.name" value="Java Virtual Machine Specification"/>
    <property name="java.awt.printerjob" value="sun.lwawt.macosx.CPrinterJob"/>
    <property name="sun.os.patch.level" value="unknown"/>
    <property name="java.library.path" value="/Users/ben/Library/Java/Extensions:/Library/Java/Extensions:/Network/Library/Java/Extensions:/System/Library/Java/Extensions:/usr/lib/java:."/>
    <property name="java.vm.info" value="mixed mode"/>
    <property name="java.vendor" value="Oracle Corporation"/>
    <property name="java.vm.version" value="25.191-b12"/>
    <property name="java.ext.dirs" value="/Users/ben/Library/Java/Extensions:/Library/Java/JavaVirtualMachines/jdk1.8.0_191.jdk/Contents/Home/jre/lib/ext:/Library/Java/Extensions:/Network/Library/Java/Extensions:/System/Library/Java/Extensions:/usr/lib/java"/>
    <property name="sun.io.unicode.encoding" value="UnicodeBig"/>
    <property name="java.class.version" value="52.0"/>
    <property name="socksNonProxyHosts" value="local|*.local|169.254/16|*.169.254/16"/>
  </properties>
  <testcase name="shouldAnswerWithTrue" classname="com.mycompany.app.AppTest" time="0.002"/>
</testsuite>